build/app/intermediates/manifest_merge_blame_file/debug/manifest-merger-blame-debug-report.txt
1<?xml version="1.0" encoding="utf-8"?>
2<manifest xmlns:android="http://schemas.android.com/apk/res/android"
3    package="com.example.shop_it"
4    android:versionCode="1"
5    android:versionName="1.0.0" >
6
7    <uses-sdk
8        android:minSdkVersion="19"
9        android:targetSdkVersion="33" />
10    <!--
11         The INTERNET permission is required for development. Specifically,
12         the Flutter tool needs it to communicate with the running application
13         to allow setting breakpoints, to provide hot reload, etc.
14    -->
15    <uses-permission android:name="android.permission.INTERNET" />
15-->src\main\AndroidManifest.xml:2:9-71
15-->src\main\AndroidManifest.xml:2:26-68
16    <uses-permission android:name="android.permission.ACCESS_NETWORK_STATE" />
16-->src\main\AndroidManifest.xml:3:9-83
16-->src\main\AndroidManifest.xml:3:26-80
17
18    <permission
18-->[androidx.core:core:1.10.1] AndroidManifest.xml:22:5-24:47
19        android:name="com.example.shop_it.DYNAMIC_RECEIVER_NOT_EXPORTED_PERMISSION"
19-->[androidx.core:core:1.10.1] AndroidManifest.xml:23:9-81
20        android:protectionLevel="signature" />
20-->[androidx.core:core:1.10.1] AndroidManifest.xml:24:9-44
21
22    <uses-permission android:name="com.example.shop_it.DYNAMIC_RECEIVER_NOT_EXPORTED_PERMISSION" />
22-->[androidx.core:core:1.10.1] AndroidManifest.xml:26:5-97
22-->[androidx.core:core:1.10.1] AndroidManifest.xml:26:22-94
23
24    <application
25        android:name="io.flutter.app.FlutterMultiDexApplication"
26        android:appComponentFactory="androidx.core.app.CoreComponentFactory"
26-->[androidx.core:core:1.10.1] AndroidManifest.xml:28:18-86
27        android:debuggable="true"
28        android:icon="@mipmap/ic_launcher"
29        android:label="shop_it" >
30        <activity
31            android:name="com.example.shop_it.MainActivity"
32            android:configChanges="orientation|keyboardHidden|keyboard|screenSize|smallestScreenSize|locale|layoutDirection|fontScale|screenLayout|density|uiMode"
33            android:exported="true"
34            android:hardwareAccelerated="true"
35            android:launchMode="singleTop"
36            android:theme="@style/LaunchTheme"
37            android:windowSoftInputMode="adjustResize" >
38
39            <!--
40                 Specifies an Android theme to apply to this Activity as soon as
41                 the Android process has started. This theme is visible to the user
42                 while the Flutter UI initializes. After that, this theme continues
43                 to determine the Window background behind the Flutter UI.
44            -->
45            <meta-data
46                android:name="io.flutter.embedding.android.NormalTheme"
47                android:resource="@style/NormalTheme" />
48
49            <intent-filter>
50                <action android:name="android.intent.action.MAIN" />
51
52                <category android:name="android.intent.category.LAUNCHER" />
53            </intent-filter>
54        </activity>
55        <!--
56             Don't delete the meta-data below.
57             This is used by the Flutter tool to generate GeneratedPluginRegistrant.java
58        -->
59        <meta-data
60            android:name="flutterEmbedding"
61            android:value="2" />
62
63        <service
63-->[:firebase_auth] AndroidManifest.xml:10:9-14:19
64            android:name="com.google.firebase.components.ComponentDiscoveryService"
64-->[:firebase_auth] AndroidManifest.xml:10:18-89
65            android:directBootAware="true"
65-->[com.google.firebase:firebase-common:20.4.2] AndroidManifest.xml:32:13-43
66            android:exported="false" >
66-->[com.google.firebase:firebase-auth:22.3.0] AndroidManifest.xml:68:13-37
67            <meta-data
67-->[:firebase_auth] AndroidManifest.xml:11:13-13:85
68                android:name="com.google.firebase.components:io.flutter.plugins.firebase.auth.FlutterFirebaseAuthRegistrar"
68-->[:firebase_auth] AndroidManifest.xml:12:17-124
69                android:value="com.google.firebase.components.ComponentRegistrar" />
69-->[:firebase_auth] AndroidManifest.xml:13:17-82
70            <meta-data
70-->[:firebase_storage] AndroidManifest.xml:11:13-13:85
71                android:name="com.google.firebase.components:io.flutter.plugins.firebase.storage.FlutterFirebaseAppRegistrar"
71-->[:firebase_storage] AndroidManifest.xml:12:17-126
72                android:value="com.google.firebase.components.ComponentRegistrar" />
72-->[:firebase_storage] AndroidManifest.xml:13:17-82
73            <meta-data
73-->[:firebase_core] AndroidManifest.xml:11:13-13:85
74                android:name="com.google.firebase.components:io.flutter.plugins.firebase.core.FlutterFirebaseCoreRegistrar"
74-->[:firebase_core] AndroidManifest.xml:12:17-124
75                android:value="com.google.firebase.components.ComponentRegistrar" />
75-->[:firebase_core] AndroidManifest.xml:13:17-82
76            <meta-data
76-->[com.google.firebase:firebase-auth:22.3.0] AndroidManifest.xml:69:13-71:85
77                android:name="com.google.firebase.components:com.google.firebase.auth.FirebaseAuthRegistrar"
77-->[com.google.firebase:firebase-auth:22.3.0] AndroidManifest.xml:70:17-109
78                android:value="com.google.firebase.components.ComponentRegistrar" />
78-->[com.google.firebase:firebase-auth:22.3.0] AndroidManifest.xml:71:17-82
79            <meta-data
79-->[com.google.firebase:firebase-storage:20.3.0] AndroidManifest.xml:30:13-32:85
80                android:name="com.google.firebase.components:com.google.firebase.storage.FirebaseStorageKtxRegistrar"
80-->[com.google.firebase:firebase-storage:20.3.0] AndroidManifest.xml:31:17-118
81                android:value="com.google.firebase.components.ComponentRegistrar" />
81-->[com.google.firebase:firebase-storage:20.3.0] AndroidManifest.xml:32:17-82
82            <meta-data
82-->[com.google.firebase:firebase-storage:20.3.0] AndroidManifest.xml:33:13-35:85
83                android:name="com.google.firebase.components:com.google.firebase.storage.StorageRegistrar"
83-->[com.google.firebase:firebase-storage:20.3.0] AndroidManifest.xml:34:17-107
84                android:value="com.google.firebase.components.ComponentRegistrar" />
84-->[com.google.firebase:firebase-storage:20.3.0] AndroidManifest.xml:35:17-82
85            <meta-data
85-->[com.google.firebase:firebase-appcheck:17.1.1] AndroidManifest.xml:25:13-27:85
86                android:name="com.google.firebase.components:com.google.firebase.appcheck.FirebaseAppCheckKtxRegistrar"
86-->[com.google.firebase:firebase-appcheck:17.1.1] AndroidManifest.xml:26:17-120
87                android:value="com.google.firebase.components.ComponentRegistrar" />
87-->[com.google.firebase:firebase-appcheck:17.1.1] AndroidManifest.xml:27:17-82
88            <meta-data
88-->[com.google.firebase:firebase-appcheck:17.1.1] AndroidManifest.xml:28:13-30:85
89                android:name="com.google.firebase.components:com.google.firebase.appcheck.FirebaseAppCheckRegistrar"
89-->[com.google.firebase:firebase-appcheck:17.1.1] AndroidManifest.xml:29:17-117
90                android:value="com.google.firebase.components.ComponentRegistrar" />
90-->[com.google.firebase:firebase-appcheck:17.1.1] AndroidManifest.xml:30:17-82
91            <meta-data
91-->[com.google.firebase:firebase-common-ktx:20.4.2] AndroidManifest.xml:12:13-14:85
92                android:name="com.google.firebase.components:com.google.firebase.ktx.FirebaseCommonLegacyRegistrar"
92-->[com.google.firebase:firebase-common-ktx:20.4.2] AndroidManifest.xml:13:17-116
93                android:value="com.google.firebase.components.ComponentRegistrar" />
93-->[com.google.firebase:firebase-common-ktx:20.4.2] AndroidManifest.xml:14:17-82
94            <meta-data
94-->[com.google.firebase:firebase-common:20.4.2] AndroidManifest.xml:35:13-37:85
95                android:name="com.google.firebase.components:com.google.firebase.FirebaseCommonKtxRegistrar"
95-->[com.google.firebase:firebase-common:20.4.2] AndroidManifest.xml:36:17-109
96                android:value="com.google.firebase.components.ComponentRegistrar" />
96-->[com.google.firebase:firebase-common:20.4.2] AndroidManifest.xml:37:17-82
97        </service>
98
99        <provider
99-->[:image_picker_android] AndroidManifest.xml:10:9-18:20
100            android:name="io.flutter.plugins.imagepicker.ImagePickerFileProvider"
100-->[:image_picker_android] AndroidManifest.xml:11:13-82
101            android:authorities="com.example.shop_it.flutter.image_provider"
101-->[:image_picker_android] AndroidManifest.xml:12:13-74
102            android:exported="false"
102-->[:image_picker_android] AndroidManifest.xml:13:13-37
103            android:grantUriPermissions="true" >
103-->[:image_picker_android] AndroidManifest.xml:14:13-47
104            <meta-data
104-->[:image_picker_android] AndroidManifest.xml:15:13-17:75
105                android:name="android.support.FILE_PROVIDER_PATHS"
105-->[:image_picker_android] AndroidManifest.xml:16:17-67
106                android:resource="@xml/flutter_image_picker_file_paths" />
106-->[:image_picker_android] AndroidManifest.xml:17:17-72
107        </provider>
108
109        <activity
109-->[com.google.firebase:firebase-auth:22.3.0] AndroidManifest.xml:29:9-46:20
110            android:name="com.google.firebase.auth.internal.GenericIdpActivity"
110-->[com.google.firebase:firebase-auth:22.3.0] AndroidManifest.xml:30:13-80
111            android:excludeFromRecents="true"
111-->[com.google.firebase:firebase-auth:22.3.0] AndroidManifest.xml:31:13-46
112            android:exported="true"
112-->[com.google.firebase:firebase-auth:22.3.0] AndroidManifest.xml:32:13-36
113            android:launchMode="singleTask"
113-->[com.google.firebase:firebase-auth:22.3.0] AndroidManifest.xml:33:13-44
114            android:theme="@android:style/Theme.Translucent.NoTitleBar" >
114-->[com.google.firebase:firebase-auth:22.3.0] AndroidManifest.xml:34:13-72
115            <intent-filter>
115-->[com.google.firebase:firebase-auth:22.3.0] AndroidManifest.xml:35:13-45:29
116                <action android:name="android.intent.action.VIEW" />
116-->[com.google.firebase:firebase-auth:22.3.0] AndroidManifest.xml:36:17-69
116-->[com.google.firebase:firebase-auth:22.3.0] AndroidManifest.xml:36:25-66
117
118                <category android:name="android.intent.category.DEFAULT" />
118-->[com.google.firebase:firebase-auth:22.3.0] AndroidManifest.xml:38:17-76
118-->[com.google.firebase:firebase-auth:22.3.0] AndroidManifest.xml:38:27-73
119                <category android:name="android.intent.category.BROWSABLE" />
119-->[com.google.firebase:firebase-auth:22.3.0] AndroidManifest.xml:39:17-78
119-->[com.google.firebase:firebase-auth:22.3.0] AndroidManifest.xml:39:27-75
120
121                <data
121-->[com.google.firebase:firebase-auth:22.3.0] AndroidManifest.xml:41:17-44:51
122                    android:host="firebase.auth"
122-->[com.google.firebase:firebase-auth:22.3.0] AndroidManifest.xml:42:21-49
123                    android:path="/"
123-->[com.google.firebase:firebase-auth:22.3.0] AndroidManifest.xml:43:21-37
124                    android:scheme="genericidp" />
124-->[com.google.firebase:firebase-auth:22.3.0] AndroidManifest.xml:44:21-48
125            </intent-filter>
126        </activity>
127        <activity
127-->[com.google.firebase:firebase-auth:22.3.0] AndroidManifest.xml:47:9-64:20
128            android:name="com.google.firebase.auth.internal.RecaptchaActivity"
128-->[com.google.firebase:firebase-auth:22.3.0] AndroidManifest.xml:48:13-79
129            android:excludeFromRecents="true"
129-->[com.google.firebase:firebase-auth:22.3.0] AndroidManifest.xml:49:13-46
130            android:exported="true"
130-->[com.google.firebase:firebase-auth:22.3.0] AndroidManifest.xml:50:13-36
131            android:launchMode="singleTask"
131-->[com.google.firebase:firebase-auth:22.3.0] AndroidManifest.xml:51:13-44
132            android:theme="@android:style/Theme.Translucent.NoTitleBar" >
132-->[com.google.firebase:firebase-auth:22.3.0] AndroidManifest.xml:52:13-72
133            <intent-filter>
133-->[com.google.firebase:firebase-auth:22.3.0] AndroidManifest.xml:53:13-63:29
134                <action android:name="android.intent.action.VIEW" />
134-->[com.google.firebase:firebase-auth:22.3.0] AndroidManifest.xml:36:17-69
134-->[com.google.firebase:firebase-auth:22.3.0] AndroidManifest.xml:36:25-66
135
136                <category android:name="android.intent.category.DEFAULT" />
136-->[com.google.firebase:firebase-auth:22.3.0] AndroidManifest.xml:38:17-76
136-->[com.google.firebase:firebase-auth:22.3.0] AndroidManifest.xml:38:27-73
137                <category android:name="android.intent.category.BROWSABLE" />
137-->[com.google.firebase:firebase-auth:22.3.0] AndroidManifest.xml:39:17-78
137-->[com.google.firebase:firebase-auth:22.3.0] AndroidManifest.xml:39:27-75
138
139                <data
139-->[com.google.firebase:firebase-auth:22.3.0] AndroidManifest.xml:41:17-44:51
140                    android:host="firebase.auth"
140-->[com.google.firebase:firebase-auth:22.3.0] AndroidManifest.xml:42:21-49
141                    android:path="/"
141-->[com.google.firebase:firebase-auth:22.3.0] AndroidManifest.xml:43:21-37
142                    android:scheme="recaptcha" />
142-->[com.google.firebase:firebase-auth:22.3.0] AndroidManifest.xml:44:21-48
143            </intent-filter>
144        </activity>
145
146        <provider
146-->[com.google.firebase:firebase-common:20.4.2] AndroidManifest.xml:23:9-28:39
147            android:name="com.google.firebase.provider.FirebaseInitProvider"
147-->[com.google.firebase:firebase-common:20.4.2] AndroidManifest.xml:24:13-77
148            android:authorities="com.example.shop_it.firebaseinitprovider"
148-->[com.google.firebase:firebase-common:20.4.2] AndroidManifest.xml:25:13-72
149            android:directBootAware="true"
149-->[com.google.firebase:firebase-common:20.4.2] AndroidManifest.xml:26:13-43
150            android:exported="false"
150-->[com.google.firebase:firebase-common:20.4.2] AndroidManifest.xml:27:13-37
151            android:initOrder="100" />
151-->[com.google.firebase:firebase-common:20.4.2] AndroidManifest.xml:28:13-36
152
153        <activity
153-->[com.google.android.gms:play-services-base:18.0.1] AndroidManifest.xml:20:9-22:45
154            android:name="com.google.android.gms.common.api.GoogleApiActivity"
154-->[com.google.android.gms:play-services-base:18.0.1] AndroidManifest.xml:20:19-85
155            android:exported="false"
155-->[com.google.android.gms:play-services-base:18.0.1] AndroidManifest.xml:22:19-43
156            android:theme="@android:style/Theme.Translucent.NoTitleBar" />
156-->[com.google.android.gms:play-services-base:18.0.1] AndroidManifest.xml:21:19-78
157
158        <meta-data
158-->[com.google.android.gms:play-services-basement:18.1.0] AndroidManifest.xml:21:9-23:69
159            android:name="com.google.android.gms.version"
159-->[com.google.android.gms:play-services-basement:18.1.0] AndroidManifest.xml:22:13-58
160            android:value="@integer/google_play_services_version" />
160-->[com.google.android.gms:play-services-basement:18.1.0] AndroidManifest.xml:23:13-66
161
162        <uses-library
162-->[androidx.window:window:1.0.0-beta04] AndroidManifest.xml:25:9-27:40
163            android:name="androidx.window.extensions"
163-->[androidx.window:window:1.0.0-beta04] AndroidManifest.xml:26:13-54
164            android:required="false" />
164-->[androidx.window:window:1.0.0-beta04] AndroidManifest.xml:27:13-37
165        <uses-library
165-->[androidx.window:window:1.0.0-beta04] AndroidManifest.xml:28:9-30:40
166            android:name="androidx.window.sidecar"
166-->[androidx.window:window:1.0.0-beta04] AndroidManifest.xml:29:13-51
167            android:required="false" />
167-->[androidx.window:window:1.0.0-beta04] AndroidManifest.xml:30:13-37
168
169        <provider
169-->[androidx.profileinstaller:profileinstaller:1.3.0] AndroidManifest.xml:24:9-32:20
170            android:name="androidx.startup.InitializationProvider"
170-->[androidx.profileinstaller:profileinstaller:1.3.0] AndroidManifest.xml:25:13-67
171            android:authorities="com.example.shop_it.androidx-startup"
171-->[androidx.profileinstaller:profileinstaller:1.3.0] AndroidManifest.xml:26:13-68
172            android:exported="false" >
172-->[androidx.profileinstaller:profileinstaller:1.3.0] AndroidManifest.xml:27:13-37
173            <meta-data
173-->[androidx.profileinstaller:profileinstaller:1.3.0] AndroidManifest.xml:29:13-31:52
174                android:name="androidx.profileinstaller.ProfileInstallerInitializer"
174-->[androidx.profileinstaller:profileinstaller:1.3.0] AndroidManifest.xml:30:17-85
175                android:value="androidx.startup" />
175-->[androidx.profileinstaller:profileinstaller:1.3.0] AndroidManifest.xml:31:17-49
176        </provider>
177
178        <receiver
178-->[androidx.profileinstaller:profileinstaller:1.3.0] AndroidManifest.xml:34:9-52:20
179            android:name="androidx.profileinstaller.ProfileInstallReceiver"
179-->[androidx.profileinstaller:profileinstaller:1.3.0] AndroidManifest.xml:35:13-76
180            android:directBootAware="false"
180-->[androidx.profileinstaller:profileinstaller:1.3.0] AndroidManifest.xml:36:13-44
181            android:enabled="true"
181-->[androidx.profileinstaller:profileinstaller:1.3.0] AndroidManifest.xml:37:13-35
182            android:exported="true"
182-->[androidx.profileinstaller:profileinstaller:1.3.0] AndroidManifest.xml:38:13-36
183            android:permission="android.permission.DUMP" >
183-->[androidx.profileinstaller:profileinstaller:1.3.0] AndroidManifest.xml:39:13-57
184            <intent-filter>
184-->[androidx.profileinstaller:profileinstaller:1.3.0] AndroidManifest.xml:40:13-42:29
185                <action android:name="androidx.profileinstaller.action.INSTALL_PROFILE" />
185-->[androidx.profileinstaller:profileinstaller:1.3.0] AndroidManifest.xml:41:17-91
185-->[androidx.profileinstaller:profileinstaller:1.3.0] AndroidManifest.xml:41:25-88
186            </intent-filter>
187            <intent-filter>
187-->[androidx.profileinstaller:profileinstaller:1.3.0] AndroidManifest.xml:43:13-45:29
188                <action android:name="androidx.profileinstaller.action.SKIP_FILE" />
188-->[androidx.profileinstaller:profileinstaller:1.3.0] AndroidManifest.xml:44:17-85
188-->[androidx.profileinstaller:profileinstaller:1.3.0] AndroidManifest.xml:44:25-82
189            </intent-filter>
190            <intent-filter>
190-->[androidx.profileinstaller:profileinstaller:1.3.0] AndroidManifest.xml:46:13-48:29
191                <action android:name="androidx.profileinstaller.action.SAVE_PROFILE" />
191-->[androidx.profileinstaller:profileinstaller:1.3.0] AndroidManifest.xml:47:17-88
191-->[androidx.profileinstaller:profileinstaller:1.3.0] AndroidManifest.xml:47:25-85
192            </intent-filter>
193            <intent-filter>
193-->[androidx.profileinstaller:profileinstaller:1.3.0] AndroidManifest.xml:49:13-51:29
194                <action android:name="androidx.profileinstaller.action.BENCHMARK_OPERATION" />
194-->[androidx.profileinstaller:profileinstaller:1.3.0] AndroidManifest.xml:50:17-95
194-->[androidx.profileinstaller:profileinstaller:1.3.0] AndroidManifest.xml:50:25-92
195            </intent-filter>
196        </receiver>
197    </application>
198
199</manifest>